----------------------------------------------------------------------------------------------------
-------------------------------------------- MegaLinter --------------------------------------------
----------------------------------------------------------------------------------------------------
 - Image Creation Date: 2022-02-03T02:57:58Z
 - Image Revision: 739a485b6
 - Image Version: v5
----------------------------------------------------------------------------------------------------
The MegaLinter documentation can be found at:
 - https://megalinter.github.io
----------------------------------------------------------------------------------------------------
GITHUB_REPOSITORY: ADFC-Hamburg/adfc-ansible
GITHUB_REF: refs/pull/207/merge
GITHUB_RUN_ID: 1802945352


[Activation] EDITORCONFIG_EDITORCONFIG_CHECKER has been set inactive, as none of these files has been found: ['.editorconfig']
[Activation] JAVASCRIPT_ES has been set inactive, as none of these files has been found: ['.eslintrc.json', '.eslintrc.yml', '.eslintrc.yaml', '.eslintrc.js', '.eslintrc.cjs']
[Activation] JSX_ESLINT has been set inactive, as none of these files has been found: ['.eslintrc.json', '.eslintrc.yml', '.eslintrc.yaml', '.eslintrc.js', '.eslintrc.cjs']
[Activation] SWIFT_SWIFTLINT has been set inactive, as none of these files has been found: ['.swiftlint.yml']
[Activation] TSX_ESLINT has been set inactive, as none of these files has been found: ['.eslintrc.json', '.eslintrc.yml', '.eslintrc.yaml', '.eslintrc.js', '.eslintrc.cjs']
[Activation] TYPESCRIPT_ES has been set inactive, as none of these files has been found: ['.eslintrc.json', '.eslintrc.yml', '.eslintrc.yaml', '.eslintrc.js', '.eslintrc.cjs']
SNAKEMAKE_SNAKEFMT has been temporary disabled in MegaLinter, please use a previous MegaLinter version or wait for the next one !
Skipped linters: ANSIBLE_ANSIBLE_LINT, CSS_STYLELINT, EDITORCONFIG_EDITORCONFIG_CHECKER, JAVASCRIPT_ES, JAVASCRIPT_PRETTIER, JSX_ESLINT, KUBERNETES_KUBEVAL, MARKDOWN_REMARK_LINT, RUBY_RUBOCOP, SALESFORCE_SFDX_SCANNER_APEX, SALESFORCE_SFDX_SCANNER_AURA, SALESFORCE_SFDX_SCANNER_LWC, SNAKEMAKE_SNAKEFMT, SPELL_CSPELL, SPELL_MISSPELL, SWIFT_SWIFTLINT, TSX_ESLINT, TYPESCRIPT_ES, TYPESCRIPT_PRETTIER, YAML_V8R
To receive reports as email, please set variable EMAIL_REPORTER_EMAIL
Listing updated files in [/github/workspace] using git diff.
Modified files:
.github/workflows/mega-linter.yml
.jscpd.json
.mega-linter.yml
ansible-web.sh
files/copy-zertifikat.sh
helper_scripts/create-ucs-lxc-images.sh
- File extensions: , .R, .RMD, .Rmd, .bash, .c, .c++, .cc, .cdxml, .clj, .cljc, .cljs, .coffee, .cpp, .cs, .cu, .cuh, .cxx, .dart, .dash, .edn, .env, .feature, .go, .gradle, .graphql, .groovy, .gvy, .h, .h++, .hcl, .hh, .hpp, .htm, .html, .hxx, .java, .js, .json, .json5, .jsonc, .ksh, .kt, .kts, .lua, .md, .nf, .p6, .php, .pl, .pl6, .pm, .pm6, .pp, .proto, .ps1, .ps1xml, .psd1, .psm1, .psrc, .pssc, .py, .r, .raku, .rakumod, .rakutest, .rs, .rst, .saas, .scala, .scss, .sh, .smk, .sql, .t, .tex, .tf, .ts, .vb, .xml, .yaml, .yml
- File names (regex): Dockerfile, Jenkinsfile, Snakefile
- Excluding .gitignored files [0]: 
Kept [6] files on [6] found files

+----MATCHING LINTERS---------------+----------------------+----------------+------------+
| Descriptor  | Linter              | Criteria             | Matching files | Format/Fix |
+-------------+---------------------+----------------------+----------------+------------+
| ACTION      | actionlint          | .yml|.yaml           | 1              | no         |
| BASH        | bash-exec           | .sh|.bash|.dash|.ksh | 3              | no         |
| BASH        | shellcheck          | .sh|.bash|.dash|.ksh | 3              | no         |
| BASH        | shfmt               | .sh|.bash|.dash|.ksh | 3              | yes        |
| COPYPASTE   | jscpd               |                      | project        | no         |
| CREDENTIALS | secretlint          |                      | project        | no         |
| GIT         | git_diff            |                      | project        | no         |
| JSON        | jsonlint            | .json                | 1              | no         |
| JSON        | eslint-plugin-jsonc | .json|.json5|.jsonc  | 1              | yes        |
| JSON        | v8r                 | .json                | 1              | no         |
| JSON        | prettier            | .json                | 1              | yes        |
| YAML        | prettier            | .yml|.yaml           | 2              | yes        |
| YAML        | yamllint            | .yml|.yaml           | 2              | no         |
+-------------+---------------------+----------------------+----------------+------------+


[1m### Processed [BASH] files[0m
- Using [bash-exec v5.1.0] https://megalinter.github.io/v5/descriptors/bash_bash_exec
- MegaLinter key: [BASH_EXEC]
- Rules config: identified by [bash-exec]
[bash-exec] ansible-web.sh - SUCCESS - 0 error(s)
[bash-exec] files/copy-zertifikat.sh - SUCCESS - 0 error(s)
[bash-exec] helper_scripts/create-ucs-lxc-images.sh - SUCCESS - 0 error(s)
[32m✅ Linted [BASH] files with [bash-exec] successfully - (0.02s)[0m

[1m### Processed [ACTION] files[0m
- Using [actionlint v1.6.8] https://megalinter.github.io/v5/descriptors/action_actionlint
- MegaLinter key: [ACTION_ACTIONLINT]
- Rules config: identified by [actionlint]
[actionlint] .github/workflows/mega-linter.yml
[32m✅ Linted [ACTION] files with [actionlint] successfully - (0.03s)[0m
[Text Reporter] Generated TEXT report: /github/workspace/report/linters_logs/SUCCESS-ACTION_ACTIONLINT.log
[Text Reporter] Generated TEXT report: /github/workspace/report/linters_logs/SUCCESS-BASH_EXEC.log

[1m### Processed [BASH] files[0m
- Using [shellcheck v0.8.0] https://megalinter.github.io/v5/descriptors/bash_shellcheck
- MegaLinter key: [BASH_SHELLCHECK]
- Rules config: identified by [shellcheck]
[shellcheck] ansible-web.sh
[shellcheck] files/copy-zertifikat.sh
[shellcheck] helper_scripts/create-ucs-lxc-images.sh
[32m✅ Linted [BASH] files with [shellcheck] successfully - (0.06s)[0m
[Text Reporter] Generated TEXT report: /github/workspace/report/linters_logs/SUCCESS-BASH_SHELLCHECK.log

[1m### Processed [BASH] files[0m
- Using [shfmt v3.5.0] https://megalinter.github.io/v5/descriptors/bash_shfmt
- MegaLinter key: [BASH_SHFMT]
- Rules config: identified by [shfmt]
[36m[shfmt] ansible-web.sh - FIXED[0m
[36m[shfmt] files/copy-zertifikat.sh - FIXED[0m
[shfmt] helper_scripts/create-ucs-lxc-images.sh
[32m✅ Linted [BASH] files with [shfmt] successfully - (0.08s)[0m
[Text Reporter] Generated TEXT report: /github/workspace/report/linters_logs/SUCCESS-BASH_SHFMT.log

[1m### Processed [CREDENTIALS] files[0m
- Using [secretlint v4.1.0] https://megalinter.github.io/v5/descriptors/credentials_secretlint
- MegaLinter key: [CREDENTIALS_SECRETLINT]
- Rules config: [.secretlintrc.json]
[32m✅ Linted [CREDENTIALS] files with [secretlint] successfully - (2.17s)[0m

[1m### Processed [COPYPASTE] files[0m
- Using [jscpd v3.3.26] https://megalinter.github.io/v5/descriptors/copypaste_jscpd
- MegaLinter key: [COPYPASTE_JSCPD]
- Rules config: [/github/workspace/.jscpd.json]
[32m✅ Linted [COPYPASTE] files with [jscpd] successfully - (2.87s)[0m
[Text Reporter] Generated TEXT report: /github/workspace/report/linters_logs/SUCCESS-COPYPASTE_JSCPD.log
[Text Reporter] Generated TEXT report: /github/workspace/report/linters_logs/SUCCESS-CREDENTIALS_SECRETLINT.log

[1m### Processed [GIT] files[0m
- Using [git_diff v2.30.2] https://megalinter.github.io/v5/descriptors/git_git_diff
- MegaLinter key: [GIT_GIT_DIFF]
- Rules config: identified by [git_diff]
[32m✅ Linted [GIT] files with [git_diff] successfully - (0.03s)[0m
[Text Reporter] Generated TEXT report: /github/workspace/report/linters_logs/SUCCESS-GIT_GIT_DIFF.log

[1m### Processed [JSON] files[0m
- Using [jsonlint v1.6.3] https://megalinter.github.io/v5/descriptors/json_jsonlint
- MegaLinter key: [JSON_JSONLINT]
- Rules config: identified by [jsonlint]
[jsonlint] .jscpd.json - SUCCESS - 0 error(s)
[32m✅ Linted [JSON] files with [jsonlint] successfully - (0.27s)[0m
[Text Reporter] Generated TEXT report: /github/workspace/report/linters_logs/SUCCESS-JSON_JSONLINT.log

[1m### Processed [YAML] files[0m
- Using [prettier v2.5.1] https://megalinter.github.io/v5/descriptors/yaml_prettier
- MegaLinter key: [YAML_PRETTIER]
- Rules config: identified by [prettier]
[prettier] .github/workflows/mega-linter.yml
[36m[prettier] .mega-linter.yml - FIXED[0m
[32m✅ Linted [YAML] files with [prettier] successfully - (1.3s)[0m
[Text Reporter] Generated TEXT report: /github/workspace/report/linters_logs/SUCCESS-YAML_PRETTIER.log

[1m### Processed [YAML] files[0m
- Using [yamllint v1.26.3] https://megalinter.github.io/v5/descriptors/yaml_yamllint
- MegaLinter key: [YAML_YAMLLINT]
- Rules config: [.yamllint.yml]
[yamllint] .github/workflows/mega-linter.yml
[yamllint] .mega-linter.yml
[32m✅ Linted [YAML] files with [yamllint] successfully - (0.22s)[0m
[Text Reporter] Generated TEXT report: /github/workspace/report/linters_logs/SUCCESS-YAML_YAMLLINT.log

[1m### Processed [JSON] files[0m
- Using [eslint-plugin-jsonc v2.1.0] https://megalinter.github.io/v5/descriptors/json_eslint_plugin_jsonc
- MegaLinter key: [JSON_ESLINT_PLUGIN_JSONC]
- Rules config: [.eslintrc-json.json]
[eslint-plugin-jsonc] .jscpd.json
[32m✅ Linted [JSON] files with [eslint-plugin-jsonc] successfully - (1.27s)[0m
[Text Reporter] Generated TEXT report: /github/workspace/report/linters_logs/SUCCESS-JSON_ESLINT_PLUGIN_JSONC.log

[1m### Processed [JSON] files[0m
- Using [v8r v0.6.1] https://megalinter.github.io/v5/descriptors/json_v8r
- MegaLinter key: [JSON_V8R]
- Rules config: identified by [v8r]
[v8r] .jscpd.json - SUCCESS - 0 error(s)
[32m✅ Linted [JSON] files with [v8r] successfully - (1.69s)[0m
[Text Reporter] Generated TEXT report: /github/workspace/report/linters_logs/SUCCESS-JSON_V8R.log

[1m### Processed [JSON] files[0m
- Using [prettier v2.5.1] https://megalinter.github.io/v5/descriptors/json_prettier
- MegaLinter key: [JSON_PRETTIER]
- Rules config: identified by [prettier]
[36m[prettier] .jscpd.json - FIXED[0m
[32m✅ Linted [JSON] files with [prettier] successfully - (1.14s)[0m
[Text Reporter] Generated TEXT report: /github/workspace/report/linters_logs/SUCCESS-JSON_PRETTIER.log

+----SUMMARY-----+---------------------+---------------+-------+-------+--------+--------------+
| Descriptor     | Linter              | Mode          | Files | Fixed | Errors | Elapsed time |
+----------------+---------------------+---------------+-------+-------+--------+--------------+
| ✅ ACTION      | actionlint          | list_of_files |     1 |       |      0 |        0.03s |
| ✅ BASH        | bash-exec           | file          |     3 |       |      0 |        0.02s |
| ✅ BASH        | shellcheck          | list_of_files |     3 |       |      0 |        0.06s |
| ✅ BASH        | shfmt               | list_of_files |     3 |     2 |      0 |        0.08s |
| ✅ COPYPASTE   | jscpd               | project       |   n/a |       |      0 |        2.87s |
| ✅ CREDENTIALS | secretlint          | project       |   n/a |       |      0 |        2.17s |
| ✅ GIT         | git_diff            | project       |   n/a |       |      0 |        0.03s |
| ✅ JSON        | eslint-plugin-jsonc | list_of_files |     1 |     0 |      0 |        1.27s |
| ✅ JSON        | jsonlint            | file          |     1 |       |      0 |        0.27s |
| ✅ JSON        | prettier            | list_of_files |     1 |     1 |      0 |        1.14s |
| ✅ JSON        | v8r                 | file          |     1 |       |      0 |        1.69s |
| ✅ YAML        | prettier            | list_of_files |     2 |     1 |      0 |         1.3s |
| ✅ YAML        | yamllint            | list_of_files |     2 |       |      0 |        0.22s |
+----------------+---------------------+---------------+-------+-------+--------+--------------+

Identified PR#207 from environment
[GitHub Comment Reporter] Posted summary as comment on ADFC-Hamburg/adfc-ansible #PR207
[Updated Sources Reporter] copied 4 fixed source files in folder /github/workspace/report/updated_sources.
Download it from artifacts then copy-paste it in your local repo to apply linters updates
[32m✅ Successfully linted all files without errors[0m
